../../threads/thread.c:476:1: warning: ‘next_thread_to_run_old’ defined but not used [-Wunused-function]
 next_thread_to_run_old(void) {
 ^
../../devices/timer.c:91:1: warning: no previous prototype for ‘timer_sleep_busy’ [-Wmissing-prototypes]
 timer_sleep_busy (int64_t ticks)
 ^
../../userprog/process.c: In function ‘start_process’:
../../userprog/process.c:73:23: warning: initialization discards ‘const’ qualifier from pointer target type [enabled by default]
     char *file_name = pd->cmd_line;
                       ^
../../userprog/syscall.c: In function ‘syscall_handler’:
../../userprog/syscall.c:33:5: warning: implicit declaration of function ‘handle_write’ [-Wimplicit-function-declaration]
     int result= handle_write(fd, buf,size);
     ^
../../userprog/syscall.c:50:5: warning: implicit declaration of function ‘handle_open’ [-Wimplicit-function-declaration]
     int fd = handle_open(file_name);
     ^
../../userprog/syscall.c:58:5: warning: implicit declaration of function ‘handle_seek’ [-Wimplicit-function-declaration]
     int result = handle_seek(fd, pos);
     ^
../../userprog/syscall.c:58:9: warning: unused variable ‘result’ [-Wunused-variable]
     int result = handle_seek(fd, pos);
         ^
../../userprog/syscall.c:64:5: warning: implicit declaration of function ‘handle_tell’ [-Wimplicit-function-declaration]
     int res = handle_tell(fd);
     ^
../../userprog/syscall.c:71:5: warning: implicit declaration of function ‘handle_close’ [-Wimplicit-function-declaration]
     int result = handle_close(fd);
     ^
../../userprog/carmina-syscalls-files.c: In function ‘handle_open’:
../../userprog/carmina-syscalls-files.c:48:9: warning: implicit declaration of function ‘malloc’ [-Wimplicit-function-declaration]
  struct user_file *new_file = malloc(sizeof(*new_file));
         ^
../../userprog/carmina-syscalls-files.c:48:31: warning: incompatible implicit declaration of built-in function ‘malloc’ [enabled by default]
  struct user_file *new_file = malloc(sizeof(*new_file));
                               ^
../../userprog/carmina-syscalls-files.c: At top level:
../../userprog/carmina-syscalls-files.c:60:5: warning: no previous prototype for ‘handle_close’ [-Wmissing-prototypes]
 int handle_close(int fd){
     ^
../../userprog/carmina-syscalls-files.c:81:5: warning: no previous prototype for ‘handle_seek’ [-Wmissing-prototypes]
 int handle_seek(int fd, int pos){
     ^
../../userprog/carmina-syscalls-files.c:100:5: warning: no previous prototype for ‘handle_tell’ [-Wmissing-prototypes]
 int handle_tell(int fd){
     ^
../../userprog/carmina-syscalls-files.c:119:5: warning: no previous prototype for ‘handle_write’ [-Wmissing-prototypes]
 int handle_write(int fd,char *buf,unsigned size){
     ^
../../userprog/carmina-syscalls-files.c:138:5: warning: no previous prototype for ‘handle_read’ [-Wmissing-prototypes]
 int handle_read(int fd, char *buf, unsigned size){
     ^
../../userprog/moro-syscalls-process.c: In function ‘exit_handler’:
../../userprog/moro-syscalls-process.c:11:23: warning: unused parameter ‘ret_sts’ [-Wunused-parameter]
 void exit_handler(int ret_sts)
                       ^
../../userprog/moro-validate.c: In function ‘validate_read_addr’:
../../userprog/moro-validate.c:11:36: warning: unused parameter ‘addr’ [-Wunused-parameter]
 int validate_read_addr(const void *addr, size_t size)
                                    ^
../../userprog/moro-validate.c:11:49: warning: unused parameter ‘size’ [-Wunused-parameter]
 int validate_read_addr(const void *addr, size_t size)
                                                 ^
../../userprog/moro-validate.c: In function ‘validate_write_addr’:
../../userprog/moro-validate.c:17:31: warning: unused parameter ‘addr’ [-Wunused-parameter]
 int validate_write_addr(void *addr, size_t size)
                               ^
../../userprog/moro-validate.c:17:44: warning: unused parameter ‘size’ [-Wunused-parameter]
 int validate_write_addr(void *addr, size_t size)
                                            ^
../../userprog/moro-validate.c: In function ‘validate_read_string’:
../../userprog/moro-validate.c:23:38: warning: unused parameter ‘str’ [-Wunused-parameter]
 int validate_read_string(const char *str)
                                      ^
../../userprog/moro-validate.c: In function ‘validate_write_string’:
../../userprog/moro-validate.c:29:33: warning: unused parameter ‘str’ [-Wunused-parameter]
 int validate_write_string(char *str)
                                 ^
In file included from ../../tests/lib.h:7:0,
                 from ../../tests/userprog/args.c:6:
../../lib/user/syscall.h:56:1: warning: parameter names (without types) in function declaration [enabled by default]
 void uthread_msleep( uint32_t);
 ^
In file included from ../../tests/lib.h:7:0,
                 from ../../tests/lib.c:1:
../../lib/user/syscall.h:56:1: warning: parameter names (without types) in function declaration [enabled by default]
 void uthread_msleep( uint32_t);
 ^
In file included from ../../lib/user/entry.c:1:0:
../../lib/user/syscall.h:56:1: warning: parameter names (without types) in function declaration [enabled by default]
 void uthread_msleep( uint32_t);
 ^
In file included from ../../lib/user/syscall.c:1:0:
../../lib/user/syscall.h:56:1: warning: parameter names (without types) in function declaration [enabled by default]
 void uthread_msleep( uint32_t);
 ^
../../lib/user/syscall.c:219:6: warning: no previous prototype for ‘uthread_msleep’ [-Wmissing-prototypes]
 void uthread_msleep( uint32_t s )
      ^
ar: creating libc.a
In file included from ../../tests/lib.h:7:0,
                 from ../../tests/userprog/sc-bad-sp.c:12:
../../lib/user/syscall.h:56:1: warning: parameter names (without types) in function declaration [enabled by default]
 void uthread_msleep( uint32_t);
 ^
In file included from ../../tests/lib.h:7:0,
                 from ../../tests/main.c:2:
../../lib/user/syscall.h:56:1: warning: parameter names (without types) in function declaration [enabled by default]
 void uthread_msleep( uint32_t);
 ^
In file included from ../../tests/lib.h:7:0,
                 from ../../tests/userprog/halt.c:3:
../../lib/user/syscall.h:56:1: warning: parameter names (without types) in function declaration [enabled by default]
 void uthread_msleep( uint32_t);
 ^
In file included from ../../tests/lib.h:7:0,
                 from ../../tests/userprog/exit.c:3:
../../lib/user/syscall.h:56:1: warning: parameter names (without types) in function declaration [enabled by default]
 void uthread_msleep( uint32_t);
 ^
In file included from ../../tests/lib.h:7:0,
                 from ../../tests/userprog/create-normal.c:3:
../../lib/user/syscall.h:56:1: warning: parameter names (without types) in function declaration [enabled by default]
 void uthread_msleep( uint32_t);
 ^
In file included from ../../tests/lib.h:7:0,
                 from ../../tests/userprog/create-empty.c:3:
../../lib/user/syscall.h:56:1: warning: parameter names (without types) in function declaration [enabled by default]
 void uthread_msleep( uint32_t);
 ^
In file included from ../../tests/lib.h:7:0,
                 from ../../tests/userprog/create-null.c:4:
../../lib/user/syscall.h:56:1: warning: parameter names (without types) in function declaration [enabled by default]
 void uthread_msleep( uint32_t);
 ^
In file included from ../../tests/lib.h:7:0,
                 from ../../tests/userprog/create-bad-ptr.c:5:
../../lib/user/syscall.h:56:1: warning: parameter names (without types) in function declaration [enabled by default]
 void uthread_msleep( uint32_t);
 ^
In file included from ../../tests/userprog/create-long.c:5:0:
../../lib/user/syscall.h:56:1: warning: parameter names (without types) in function declaration [enabled by default]
 void uthread_msleep( uint32_t);
 ^
In file included from ../../tests/userprog/create-exists.c:4:0:
../../lib/user/syscall.h:56:1: warning: parameter names (without types) in function declaration [enabled by default]
 void uthread_msleep( uint32_t);
 ^
In file included from ../../tests/userprog/create-bound.c:4:0:
../../lib/user/syscall.h:56:1: warning: parameter names (without types) in function declaration [enabled by default]
 void uthread_msleep( uint32_t);
 ^
In file included from ../../tests/userprog/open-normal.c:3:0:
../../lib/user/syscall.h:56:1: warning: parameter names (without types) in function declaration [enabled by default]
 void uthread_msleep( uint32_t);
 ^
In file included from ../../tests/userprog/open-missing.c:3:0:
../../lib/user/syscall.h:56:1: warning: parameter names (without types) in function declaration [enabled by default]
 void uthread_msleep( uint32_t);
 ^
In file included from ../../tests/userprog/open-boundary.c:4:0:
../../lib/user/syscall.h:56:1: warning: parameter names (without types) in function declaration [enabled by default]
 void uthread_msleep( uint32_t);
 ^
In file included from ../../tests/userprog/open-empty.c:3:0:
../../lib/user/syscall.h:56:1: warning: parameter names (without types) in function declaration [enabled by default]
 void uthread_msleep( uint32_t);
 ^
In file included from ../../tests/userprog/open-null.c:5:0:
../../lib/user/syscall.h:56:1: warning: parameter names (without types) in function declaration [enabled by default]
 void uthread_msleep( uint32_t);
 ^
In file included from ../../tests/userprog/open-bad-ptr.c:4:0:
../../lib/user/syscall.h:56:1: warning: parameter names (without types) in function declaration [enabled by default]
 void uthread_msleep( uint32_t);
 ^
In file included from ../../tests/userprog/open-twice.c:5:0:
../../lib/user/syscall.h:56:1: warning: parameter names (without types) in function declaration [enabled by default]
 void uthread_msleep( uint32_t);
 ^
In file included from ../../tests/userprog/close-normal.c:3:0:
../../lib/user/syscall.h:56:1: warning: parameter names (without types) in function declaration [enabled by default]
 void uthread_msleep( uint32_t);
 ^
In file included from ../../tests/userprog/close-twice.c:5:0:
../../lib/user/syscall.h:56:1: warning: parameter names (without types) in function declaration [enabled by default]
 void uthread_msleep( uint32_t);
 ^
In file included from ../../tests/userprog/close-stdin.c:4:0:
../../lib/user/syscall.h:56:1: warning: parameter names (without types) in function declaration [enabled by default]
 void uthread_msleep( uint32_t);
 ^
In file included from ../../tests/userprog/close-stdout.c:4:0:
../../lib/user/syscall.h:56:1: warning: parameter names (without types) in function declaration [enabled by default]
 void uthread_msleep( uint32_t);
 ^
In file included from ../../tests/userprog/close-bad-fd.c:4:0:
../../lib/user/syscall.h:56:1: warning: parameter names (without types) in function declaration [enabled by default]
 void uthread_msleep( uint32_t);
 ^
In file included from ../../tests/lib.h:7:0,
                 from ../../tests/userprog/read-normal.c:4:
../../lib/user/syscall.h:56:1: warning: parameter names (without types) in function declaration [enabled by default]
 void uthread_msleep( uint32_t);
 ^
In file included from ../../tests/userprog/read-bad-ptr.c:4:0:
../../lib/user/syscall.h:56:1: warning: parameter names (without types) in function declaration [enabled by default]
 void uthread_msleep( uint32_t);
 ^
In file included from ../../tests/userprog/read-boundary.c:5:0:
../../lib/user/syscall.h:56:1: warning: parameter names (without types) in function declaration [enabled by default]
 void uthread_msleep( uint32_t);
 ^
In file included from ../../tests/userprog/read-zero.c:4:0:
../../lib/user/syscall.h:56:1: warning: parameter names (without types) in function declaration [enabled by default]
 void uthread_msleep( uint32_t);
 ^
In file included from ../../tests/userprog/read-bad-fd.c:6:0:
../../lib/user/syscall.h:56:1: warning: parameter names (without types) in function declaration [enabled by default]
 void uthread_msleep( uint32_t);
 ^
In file included from ../../tests/userprog/write-normal.c:3:0:
../../lib/user/syscall.h:56:1: warning: parameter names (without types) in function declaration [enabled by default]
 void uthread_msleep( uint32_t);
 ^
In file included from ../../tests/userprog/write-bad-ptr.c:4:0:
../../lib/user/syscall.h:56:1: warning: parameter names (without types) in function declaration [enabled by default]
 void uthread_msleep( uint32_t);
 ^
In file included from ../../tests/userprog/write-boundary.c:5:0:
../../lib/user/syscall.h:56:1: warning: parameter names (without types) in function declaration [enabled by default]
 void uthread_msleep( uint32_t);
 ^
In file included from ../../tests/userprog/write-zero.c:4:0:
../../lib/user/syscall.h:56:1: warning: parameter names (without types) in function declaration [enabled by default]
 void uthread_msleep( uint32_t);
 ^
In file included from ../../tests/userprog/write-stdin.c:5:0:
../../lib/user/syscall.h:56:1: warning: parameter names (without types) in function declaration [enabled by default]
 void uthread_msleep( uint32_t);
 ^
In file included from ../../tests/userprog/write-bad-fd.c:6:0:
../../lib/user/syscall.h:56:1: warning: parameter names (without types) in function declaration [enabled by default]
 void uthread_msleep( uint32_t);
 ^
In file included from ../../tests/userprog/exec-once.c:3:0:
../../lib/user/syscall.h:56:1: warning: parameter names (without types) in function declaration [enabled by default]
 void uthread_msleep( uint32_t);
 ^
In file included from ../../tests/userprog/exec-arg.c:3:0:
../../lib/user/syscall.h:56:1: warning: parameter names (without types) in function declaration [enabled by default]
 void uthread_msleep( uint32_t);
 ^
In file included from ../../tests/userprog/exec-multiple.c:3:0:
../../lib/user/syscall.h:56:1: warning: parameter names (without types) in function declaration [enabled by default]
 void uthread_msleep( uint32_t);
 ^
In file included from ../../tests/userprog/exec-missing.c:4:0:
../../lib/user/syscall.h:56:1: warning: parameter names (without types) in function declaration [enabled by default]
 void uthread_msleep( uint32_t);
 ^
In file included from ../../tests/userprog/exec-bad-ptr.c:4:0:
../../lib/user/syscall.h:56:1: warning: parameter names (without types) in function declaration [enabled by default]
 void uthread_msleep( uint32_t);
 ^
In file included from ../../tests/userprog/wait-simple.c:3:0:
../../lib/user/syscall.h:56:1: warning: parameter names (without types) in function declaration [enabled by default]
 void uthread_msleep( uint32_t);
 ^
In file included from ../../tests/userprog/wait-twice.c:5:0:
../../lib/user/syscall.h:56:1: warning: parameter names (without types) in function declaration [enabled by default]
 void uthread_msleep( uint32_t);
 ^
In file included from ../../tests/userprog/wait-killed.c:3:0:
../../lib/user/syscall.h:56:1: warning: parameter names (without types) in function declaration [enabled by default]
 void uthread_msleep( uint32_t);
 ^
In file included from ../../tests/lib.h:7:0,
                 from ../../tests/userprog/child-bad.c:6:
../../lib/user/syscall.h:56:1: warning: parameter names (without types) in function declaration [enabled by default]
 void uthread_msleep( uint32_t);
 ^
In file included from ../../tests/userprog/wait-bad-pid.c:4:0:
../../lib/user/syscall.h:56:1: warning: parameter names (without types) in function declaration [enabled by default]
 void uthread_msleep( uint32_t);
 ^
In file included from ../../tests/userprog/rox-simple.c:4:0:
../../lib/user/syscall.h:56:1: warning: parameter names (without types) in function declaration [enabled by default]
 void uthread_msleep( uint32_t);
 ^
In file included from ../../tests/userprog/rox-child.inc:3:0,
                 from ../../tests/userprog/rox-child.c:5:
../../lib/user/syscall.h:56:1: warning: parameter names (without types) in function declaration [enabled by default]
 void uthread_msleep( uint32_t);
 ^
In file included from ../../tests/userprog/rox-child.inc:3:0,
                 from ../../tests/userprog/rox-multichild.c:5:
../../lib/user/syscall.h:56:1: warning: parameter names (without types) in function declaration [enabled by default]
 void uthread_msleep( uint32_t);
 ^
make[1]: *** Deleting file 'tests/userprog/rox-multichild.output'
make[1]: *** [tests/userprog/rox-multichild.output] Interrupt
make: *** [check] Interrupt
